#
# There is insufficient memory for the Java Runtime Environment to continue.
# Native memory allocation (mmap) failed to map 257949696 bytes for G1 virtual space
# Possible reasons:
#   The system is out of physical RAM or swap space
#   The process is running with CompressedOops enabled, and the Java Heap may be blocking the growth of the native heap
# Possible solutions:
#   Reduce memory load on the system
#   Increase physical memory or swap space
#   Check if swap backing store is full
#   Decrease Java heap size (-Xmx/-Xms)
#   Decrease number of Java threads
#   Decrease Java thread stack sizes (-Xss)
#   Set larger code cache with -XX:ReservedCodeCacheSize=
#   JVM is running with Zero Based Compressed Oops mode in which the Java heap is
#     placed in the first 32GB address space. The Java Heap base address is the
#     maximum limit for the native heap growth. Please use -XX:HeapBaseMinAddress
#     to set the Java Heap base and to place the Java Heap above 32GB virtual address.
# This output file may be truncated or incomplete.
#
#  Out of Memory Error (os_windows.cpp:3825), pid=13052, tid=4100
#
# JRE version:  (17.0.9) (build )
# Java VM: OpenJDK 64-Bit Server VM (17.0.9+0--11185874, mixed mode, sharing, tiered, compressed oops, compressed class ptrs, g1 gc, windows-amd64)
# No core dump will be written. Minidumps are not enabled by default on client versions of Windows
#

---------------  S U M M A R Y ------------

Command Line: git4idea.http.GitAskPassApp Username for 'https://github.com': 

Host: AMD Ryzen 5 5600H with Radeon Graphics         , 12 cores, 15G,  Windows 11 , 64 bit Build 22621 (10.0.22621.3672)
Time: Wed Jul 24 05:19:39 2024 SE Asia Standard Time elapsed time: 0.017496 seconds (0d 0h 0m 0s)

---------------  T H R E A D  ---------------

Current thread (0x0000025b17cdd2e0):  JavaThread "Unknown thread" [_thread_in_vm, id=4100, stack(0x000000b427a00000,0x000000b427b00000)]

Stack: [0x000000b427a00000,0x000000b427b00000]
Native frames: (J=compiled Java code, j=interpreted, Vv=VM code, C=native code)
V  [jvm.dll+0x6886e9]
V  [jvm.dll+0x841e4a]
V  [jvm.dll+0x843a8e]
V  [jvm.dll+0x8440f3]
V  [jvm.dll+0x24c14f]
V  [jvm.dll+0x685499]
V  [jvm.dll+0x679c2a]
V  [jvm.dll+0x30cf9b]
V  [jvm.dll+0x314446]
V  [jvm.dll+0x36425e]
V  [jvm.dll+0x36448f]
V  [jvm.dll+0x2e2d68]
V  [jvm.dll+0x2e3cd4]
V  [jvm.dll+0x8129f1]
V  [jvm.dll+0x3720c1]
V  [jvm.dll+0x7f152c]
V  [jvm.dll+0x3f5d4f]
V  [jvm.dll+0x3f7981]
C  [jli.dll+0x528f]
C  [ucrtbase.dll+0x29333]
C  [KERNEL32.DLL+0x1257d]
C  [ntdll.dll+0x5af28]


---------------  P R O C E S S  ---------------

Threads class SMR info:
_java_thread_list=0x00007ffc8917ef18, length=0, elements={
}

Java Threads: ( => current thread )

Other Threads:
  0x0000025b17d468d0 GCTaskThread "GC Thread#0" [stack: 0x000000b427b00000,0x000000b427c00000] [id=22024]
  0x0000025b17d56db0 ConcurrentGCThread "G1 Main Marker" [stack: 0x000000b427c00000,0x000000b427d00000] [id=6992]
  0x0000025b17d577d0 ConcurrentGCThread "G1 Conc#0" [stack: 0x000000b427d00000,0x000000b427e00000] [id=12064]

[error occurred during error reporting (printing all threads), id 0xc0000005, EXCEPTION_ACCESS_VIOLATION (0xc0000005) at pc=0x00007ffc88933937]

VM state: not at safepoint (not fully initialized)

VM Mutex/Monitor currently owned by a thread:  ([mutex/lock_event])
[0x0000025b17cd81b0] Heap_lock - owner thread: 0x0000025b17cdd2e0

Heap address: 0x000000070a600000, size: 3930 MB, Compressed Oops mode: Zero based, Oop shift amount: 3

CDS archive(s) mapped at: [0x0000000000000000-0x0000000000000000-0x0000000000000000), size 0, SharedBaseAddress: 0x0000000800000000, ArchiveRelocationMode: 1.
Narrow klass base: 0x0000000000000000, Narrow klass shift: 0, Narrow klass range: 0x0

GC Precious Log:
<Empty>

Heap:
 garbage-first heap   total 0K, used 0K [0x000000070a600000, 0x0000000800000000)
  region size 2048K, 0 young (0K), 0 survivors (0K)
 Metaspace       used 0K, committed 0K, reserved 0K
  class space    used 0K, committed 0K, reserved 0K

Heap Regions: E=young(eden), S=young(survivor), O=old, HS=humongous(starts), HC=humongous(continues), CS=collection set, F=free, OA=open archive, CA=closed archive, TAMS=top-at-mark-start (previous, next)

Card table byte_map: [0x0000025b2aeb0000,0x0000025b2b660000] _byte_map_base: 0x0000025b2765d000

Marking Bits (Prev, Next): (CMBitMap*) 0x0000025b17d46ef0, (CMBitMap*) 0x0000025b17d46f30
 Prev Bits: [0x0000025b2be10000, 0x0000025b2fb78000)
 Next Bits: [0x0000025b2fb80000, 0x0000025b338e8000)

GC Heap History (0 events):
No events

Dll operation events (1 events):
Event: 0.011 Loaded shared library C:\Program Files\Android\Android Studio1\jbr\bin\java.dll

Deoptimization events (0 events):
No events

Classes unloaded (0 events):
No events

Classes redefined (0 events):
No events

Internal exceptions (0 events):
No events

VM Operations (0 events):
No events

Events (0 events):
No events


Dynamic libraries:
0x00007ff749880000 - 0x00007ff74988a000 	C:\Program Files\Android\Android Studio1\jbr\bin\java.exe
0x00007ffcf8c70000 - 0x00007ffcf8e87000 	C:\Windows\SYSTEM32\ntdll.dll
0x00007ffcf8490000 - 0x00007ffcf8554000 	C:\Windows\System32\KERNEL32.DLL
0x00007ffcf6440000 - 0x00007ffcf67ed000 	C:\Windows\System32\KERNELBASE.dll
0x00007ffcf60c0000 - 0x00007ffcf61d1000 	C:\Windows\System32\ucrtbase.dll
0x00007ffc91a60000 - 0x00007ffc91a77000 	C:\Program Files\Android\Android Studio1\jbr\bin\jli.dll
0x00007ffc91a40000 - 0x00007ffc91a5b000 	C:\Program Files\Android\Android Studio1\jbr\bin\VCRUNTIME140.dll
0x00007ffcf77a0000 - 0x00007ffcf794e000 	C:\Windows\System32\USER32.dll
0x00007ffcf6350000 - 0x00007ffcf6376000 	C:\Windows\System32\win32u.dll
0x00007ffce2ea0000 - 0x00007ffce3133000 	C:\Windows\WinSxS\amd64_microsoft.windows.common-controls_6595b64144ccf1df_6.0.22621.3672_none_2713b9d173822955\COMCTL32.dll
0x00007ffcf79e0000 - 0x00007ffcf7a09000 	C:\Windows\System32\GDI32.dll
0x00007ffcf7530000 - 0x00007ffcf75d7000 	C:\Windows\System32\msvcrt.dll
0x00007ffcf5fa0000 - 0x00007ffcf60b9000 	C:\Windows\System32\gdi32full.dll
0x00007ffcf67f0000 - 0x00007ffcf688a000 	C:\Windows\System32\msvcp_win.dll
0x00007ffcf8580000 - 0x00007ffcf85b1000 	C:\Windows\System32\IMM32.DLL
0x00007ffcbd460000 - 0x00007ffcbd46c000 	C:\Program Files\Android\Android Studio1\jbr\bin\vcruntime140_1.dll
0x00007ffc90650000 - 0x00007ffc906dd000 	C:\Program Files\Android\Android Studio1\jbr\bin\msvcp140.dll
0x00007ffc88640000 - 0x00007ffc892c3000 	C:\Program Files\Android\Android Studio1\jbr\bin\server\jvm.dll
0x00007ffcf7210000 - 0x00007ffcf72c2000 	C:\Windows\System32\ADVAPI32.dll
0x00007ffcf8040000 - 0x00007ffcf80e9000 	C:\Windows\System32\sechost.dll
0x00007ffcf6890000 - 0x00007ffcf68b8000 	C:\Windows\System32\bcrypt.dll
0x00007ffcf8960000 - 0x00007ffcf8a74000 	C:\Windows\System32\RPCRT4.dll
0x00007ffcefc20000 - 0x00007ffcefc54000 	C:\Windows\SYSTEM32\WINMM.dll
0x00007ffcf56c0000 - 0x00007ffcf570d000 	C:\Windows\SYSTEM32\POWRPROF.dll
0x00007ffcee1e0000 - 0x00007ffcee1e9000 	C:\Windows\SYSTEM32\WSOCK32.dll
0x00007ffcf86b0000 - 0x00007ffcf8721000 	C:\Windows\System32\WS2_32.dll
0x00007ffceda60000 - 0x00007ffceda6a000 	C:\Windows\SYSTEM32\VERSION.dll
0x00007ffcf5540000 - 0x00007ffcf5553000 	C:\Windows\SYSTEM32\UMPDC.dll
0x00007ffcf4f90000 - 0x00007ffcf4fa8000 	C:\Windows\SYSTEM32\kernel.appcore.dll
0x00007ffcd5ba0000 - 0x00007ffcd5baa000 	C:\Program Files\Android\Android Studio1\jbr\bin\jimage.dll
0x00007ffcebce0000 - 0x00007ffcebf12000 	C:\Windows\SYSTEM32\DBGHELP.DLL
0x00007ffcf8100000 - 0x00007ffcf8488000 	C:\Windows\System32\combase.dll
0x00007ffcf85c0000 - 0x00007ffcf8697000 	C:\Windows\System32\OLEAUT32.dll
0x00007ffcd32c0000 - 0x00007ffcd32f2000 	C:\Windows\SYSTEM32\dbgcore.DLL
0x00007ffcf68c0000 - 0x00007ffcf693b000 	C:\Windows\System32\bcryptPrimitives.dll
0x00007ffc94500000 - 0x00007ffc94525000 	C:\Program Files\Android\Android Studio1\jbr\bin\java.dll

dbghelp: loaded successfully - version: 4.0.5 - missing functions: none
symbol engine: initialized successfully - sym options: 0x614 - pdb path: .;C:\Program Files\Android\Android Studio1\jbr\bin;C:\Windows\SYSTEM32;C:\Windows\WinSxS\amd64_microsoft.windows.common-controls_6595b64144ccf1df_6.0.22621.3672_none_2713b9d173822955;C:\Program Files\Android\Android Studio1\jbr\bin\server

VM Arguments:
java_command: git4idea.http.GitAskPassApp Username for 'https://github.com': 
java_class_path (initial): C:/Program Files/Android/Android Studio1/plugins/vcs-git/lib/git4idea-rt.jar;C:/Program Files/Android/Android Studio1/lib/externalProcess-rt.jar
Launcher Type: SUN_STANDARD

[Global flags]
     intx CICompilerCount                          = 4                                         {product} {ergonomic}
     uint ConcGCThreads                            = 3                                         {product} {ergonomic}
     uint G1ConcRefinementThreads                  = 10                                        {product} {ergonomic}
   size_t G1HeapRegionSize                         = 2097152                                   {product} {ergonomic}
    uintx GCDrainStackTargetSize                   = 64                                        {product} {ergonomic}
   size_t InitialHeapSize                          = 257949696                                 {product} {ergonomic}
   size_t MarkStackSize                            = 4194304                                   {product} {ergonomic}
   size_t MaxHeapSize                              = 4120903680                                {product} {ergonomic}
   size_t MinHeapDeltaBytes                        = 2097152                                   {product} {ergonomic}
   size_t MinHeapSize                              = 8388608                                   {product} {ergonomic}
    uintx NonNMethodCodeHeapSize                   = 5839372                                {pd product} {ergonomic}
    uintx NonProfiledCodeHeapSize                  = 122909434                              {pd product} {ergonomic}
    uintx ProfiledCodeHeapSize                     = 122909434                              {pd product} {ergonomic}
    uintx ReservedCodeCacheSize                    = 251658240                              {pd product} {ergonomic}
     bool SegmentedCodeCache                       = true                                      {product} {ergonomic}
   size_t SoftMaxHeapSize                          = 4120903680                             {manageable} {ergonomic}
     bool UseCompressedClassPointers               = true                           {product lp64_product} {ergonomic}
     bool UseCompressedOops                        = true                           {product lp64_product} {ergonomic}
     bool UseG1GC                                  = true                                      {product} {ergonomic}
     bool UseLargePagesIndividualAllocation        = false                                  {pd product} {ergonomic}

Logging:
Log output configuration:
 #0: stdout all=warning uptime,level,tags
 #1: stderr all=off uptime,level,tags

Environment Variables:
JAVA_HOME=C:\Program Files\Zulu\zulu-17\
PATH=C:/Program Files/Git/mingw64/libexec/git-core;C:/Program Files/Git/mingw64/libexec/git-core;C:\Program Files\Git\mingw64\bin;C:\Program Files\Git\usr\bin;C:\Users\HP\bin;C:\Program Files\Common Files\Oracle\Java\javapath;C:\Program Files\Zulu\zulu-17\bin\;C:\windows\system32;C:\windows;C:\windows\System32\Wbem;C:\windows\System32\WindowsPowerShell\v1.0\;C:\windows\System32\OpenSSH\;C:\Program Files (x86)\NVIDIA Corporation\PhysX\Common;C:\Program Files\NVIDIA Corporation\NVIDIA NvDLISR;C:\Windows\system32;C:\Windows;C:\Windows\System32\Wbem;C:\Windows\System32\WindowsPowerShell\v1.0\;C:\Windows\System32\OpenSSH\;C:\Program Files\Git\cmd;C:\Users\HP\AppData\Roaming\nvm;C:\Program Files\nodejs;C:\ffmpeg\bin;C:\Program Files\GitHub CLI\;C:\gradle-8.2.1\bin;C:\xampp\php;C:\composer;C:\Users\HP\AppData\Local\Microsoft\WindowsApps;C:\Users\HP\AppData\Local\Programs\Microsoft VS Code\bin;C:\Users\HP\AppData\Roaming\npm;C:\Users\HP\AppData\Roaming\nvm;C:\Program Files\nodejs;C:\Users\HP\AppData\Roaming\Composer\vendor\bin;C:\Program Files (x86)\Nmap;C:\Program Files (x86)\Ncrack
USERNAME=HP
DISPLAY=:0.0
LC_ALL=en_US.UTF-8
TERM=xterm-256color
TMPDIR=C:\Users\HP\AppData\Local\Temp
OS=Windows_NT
PROCESSOR_IDENTIFIER=AMD64 Family 25 Model 80 Stepping 0, AuthenticAMD
TMP=C:\Users\HP\AppData\Local\Temp
TEMP=C:\Users\HP\AppData\Local\Temp



Periodic native trim disabled

JNI global refs:
JNI global refs: 0, weak refs: 0

JNI global refs memory usage: 0, weak refs: 0

OOME stack traces (most recent first):
Classloader memory used:


---------------  S Y S T E M  ---------------

OS:
 Windows 11 , 64 bit Build 22621 (10.0.22621.3672)
OS uptime: 0 days 14:43 hours
Hyper-V role detected

CPU: total 12 (initial active 12) (12 cores per cpu, 2 threads per core) family 25 model 80 stepping 0 microcode 0x0, cx8, cmov, fxsr, ht, mmx, 3dnowpref, sse, sse2, sse3, ssse3, sse4a, sse4.1, sse4.2, popcnt, lzcnt, tsc, tscinvbit, avx, avx2, aes, erms, clmul, bmi1, bmi2, adx, sha, fma, vzeroupper, clflush, clflushopt, hv
Processor Information for processor 0
  Max Mhz: 3301, Current Mhz: 1805, Mhz Limit: 3301
Processor Information for processor 1
  Max Mhz: 3301, Current Mhz: 1805, Mhz Limit: 3301
Processor Information for processor 2
  Max Mhz: 3301, Current Mhz: 1805, Mhz Limit: 3301
Processor Information for processor 3
  Max Mhz: 3301, Current Mhz: 3301, Mhz Limit: 3301
Processor Information for processor 4
  Max Mhz: 3301, Current Mhz: 1805, Mhz Limit: 3301
Processor Information for processor 5
  Max Mhz: 3301, Current Mhz: 3301, Mhz Limit: 3301
Processor Information for processor 6
  Max Mhz: 3301, Current Mhz: 1805, Mhz Limit: 3301
Processor Information for processor 7
  Max Mhz: 3301, Current Mhz: 1805, Mhz Limit: 3301
Processor Information for processor 8
  Max Mhz: 3301, Current Mhz: 1805, Mhz Limit: 3301
Processor Information for processor 9
  Max Mhz: 3301, Current Mhz: 3301, Mhz Limit: 3301
Processor Information for processor 10
  Max Mhz: 3301, Current Mhz: 1805, Mhz Limit: 3301
Processor Information for processor 11
  Max Mhz: 3301, Current Mhz: 3301, Mhz Limit: 3301

Memory: 4k page, system-wide physical 15713M (2773M free)
TotalPageFile size 15713M (AvailPageFile size 84M)
current process WorkingSet (physical memory assigned to process): 11M, peak: 11M
current process commit charge ("private bytes"): 64M, peak: 310M

vm_info: OpenJDK 64-Bit Server VM (17.0.9+0--11185874) for windows-amd64 JRE (17.0.9+0--11185874), built on Dec  6 2023 18:57:44 by "androidbuild" with MS VC++ 16.10 / 16.11 (VS2019)

END.
